0 info it worked if it ends with ok
1 verbose cli [ 'C:\\Program Files\\nodejs\\node.exe',
1 verbose cli   'C:\\Program Files\\nodejs\\node_modules\\npm\\bin\\npm-cli.js',
1 verbose cli   'run',
1 verbose cli   'flow' ]
2 info using npm@3.10.10
3 info using node@v6.11.0
4 verbose run-script [ 'preflow', 'flow', 'postflow' ]
5 info lifecycle chat-app@1.0.0~preflow: chat-app@1.0.0
6 silly lifecycle chat-app@1.0.0~preflow: no script for preflow, continuing
7 info lifecycle chat-app@1.0.0~flow: chat-app@1.0.0
8 verbose lifecycle chat-app@1.0.0~flow: unsafe-perm in lifecycle true
9 verbose lifecycle chat-app@1.0.0~flow: PATH: C:\Program Files\nodejs\node_modules\npm\bin\node-gyp-bin;D:\Chat-App\node_modules\.bin;C:\windows\system32;C:\windows;C:\windows\System32\Wbem;C:\windows\System32\WindowsPowerShell\v1.0\;C:\Program Files (x86)\Skype\Phone\;C:\Program Files\TortoiseGit\bin;C:\Program Files\TortoiseSVN\bin;C:\Program Files\TortoiseHg\;C:\Program Files\nodejs\;C:\Program Files\Git\cmd;C:\Users\pavlo.bazyliuk\AppData\Local\Microsoft\WindowsApps;;C:\Users\pavlo.bazyliuk\AppData\Roaming\npm;C:\Program Files (x86)\Microsoft VS Code\bin
10 verbose lifecycle chat-app@1.0.0~flow: CWD: D:\Chat-App
11 silly lifecycle chat-app@1.0.0~flow: Args: [ '/d /s /c', 'flow' ]
12 silly lifecycle chat-app@1.0.0~flow: Returned: code: 14  signal: null
13 info lifecycle chat-app@1.0.0~flow: Failed to exec flow script
14 verbose stack Error: chat-app@1.0.0 flow: `flow`
14 verbose stack Exit status 14
14 verbose stack     at EventEmitter.<anonymous> (C:\Program Files\nodejs\node_modules\npm\lib\utils\lifecycle.js:255:16)
14 verbose stack     at emitTwo (events.js:106:13)
14 verbose stack     at EventEmitter.emit (events.js:191:7)
14 verbose stack     at ChildProcess.<anonymous> (C:\Program Files\nodejs\node_modules\npm\lib\utils\spawn.js:40:14)
14 verbose stack     at emitTwo (events.js:106:13)
14 verbose stack     at ChildProcess.emit (events.js:191:7)
14 verbose stack     at maybeClose (internal/child_process.js:891:16)
14 verbose stack     at Process.ChildProcess._handle.onexit (internal/child_process.js:226:5)
15 verbose pkgid chat-app@1.0.0
16 verbose cwd D:\Chat-App\src\store
17 error Windows_NT 10.0.15063
18 error argv "C:\\Program Files\\nodejs\\node.exe" "C:\\Program Files\\nodejs\\node_modules\\npm\\bin\\npm-cli.js" "run" "flow"
19 error node v6.11.0
20 error npm  v3.10.10
21 error code ELIFECYCLE
22 error chat-app@1.0.0 flow: `flow`
22 error Exit status 14
23 error Failed at the chat-app@1.0.0 flow script 'flow'.
23 error Make sure you have the latest version of node.js and npm installed.
23 error If you do, this is most likely a problem with the chat-app package,
23 error not with npm itself.
23 error Tell the author that this fails on your system:
23 error     flow
23 error You can get information on how to open an issue for this project with:
23 error     npm bugs chat-app
23 error Or if that isn't available, you can get their info via:
23 error     npm owner ls chat-app
23 error There is likely additional logging output above.
24 verbose exit [ 1, true ]
